Save the Adventurer/Library/Bee/Android/Prj/Mono2x/Gradle/launcher/build/intermediates/manifest_merge_blame_file/release/manifest-merger-blame-release-report.txt
1<?xml version="1.0" encoding="utf-8"?>
2<manifest xmlns:android="http://schemas.android.com/apk/res/android"
3    package="com.DefaultCompany.com.unity.template.mobile2D"
4    android:installLocation="preferExternal"
5    android:versionCode="1"
6    android:versionName="1.0.2" >
7
8    <uses-sdk
9        android:minSdkVersion="22"
9-->src/main/AndroidManifest.xml
10        android:targetSdkVersion="34" />
10-->src/main/AndroidManifest.xml
11
12    <supports-screens
12-->src/main/AndroidManifest.xml:4:3-163
13        android:anyDensity="true"
13-->src/main/AndroidManifest.xml:4:135-160
14        android:largeScreens="true"
14-->src/main/AndroidManifest.xml:4:78-105
15        android:normalScreens="true"
15-->src/main/AndroidManifest.xml:4:49-77
16        android:smallScreens="true"
16-->src/main/AndroidManifest.xml:4:21-48
17        android:xlargeScreens="true" />
17-->src/main/AndroidManifest.xml:4:106-134
18
19    <uses-feature android:glEsVersion="0x00030000" />
19-->[:unityLibrary] AndroidManifest.xml:10:5-54
19-->[:unityLibrary] AndroidManifest.xml:10:19-51
20    <uses-feature
20-->[:unityLibrary] AndroidManifest.xml:11:5-13:36
21        android:name="android.hardware.vulkan.version"
21-->[:unityLibrary] AndroidManifest.xml:12:9-55
22        android:required="false" />
22-->[:unityLibrary] AndroidManifest.xml:13:9-33
23    <uses-feature
23-->[:unityLibrary] AndroidManifest.xml:14:5-16:36
24        android:name="android.hardware.touchscreen"
24-->[:unityLibrary] AndroidManifest.xml:15:9-52
25        android:required="false" />
25-->[:unityLibrary] AndroidManifest.xml:16:9-33
26    <uses-feature
26-->[:unityLibrary] AndroidManifest.xml:17:5-19:36
27        android:name="android.hardware.touchscreen.multitouch"
27-->[:unityLibrary] AndroidManifest.xml:18:9-63
28        android:required="false" />
28-->[:unityLibrary] AndroidManifest.xml:19:9-33
29    <uses-feature
29-->[:unityLibrary] AndroidManifest.xml:20:5-22:36
30        android:name="android.hardware.touchscreen.multitouch.distinct"
30-->[:unityLibrary] AndroidManifest.xml:21:9-72
31        android:required="false" />
31-->[:unityLibrary] AndroidManifest.xml:22:9-33
32
33    <uses-permission android:name="android.permission.INTERNET" />
33-->[com.google.android.gms:play-services-measurement-api:21.5.0] AndroidManifest.xml:22:5-67
33-->[com.google.android.gms:play-services-measurement-api:21.5.0] AndroidManifest.xml:22:22-64
34    <uses-permission android:name="android.permission.ACCESS_NETWORK_STATE" />
34-->[com.google.android.gms:play-services-measurement-api:21.5.0] AndroidManifest.xml:23:5-79
34-->[com.google.android.gms:play-services-measurement-api:21.5.0] AndroidManifest.xml:23:22-76
35    <uses-permission android:name="android.permission.WAKE_LOCK" />
35-->[com.google.android.gms:play-services-measurement-api:21.5.0] AndroidManifest.xml:24:5-68
35-->[com.google.android.gms:play-services-measurement-api:21.5.0] AndroidManifest.xml:24:22-65
36    <uses-permission android:name="com.google.android.gms.permission.AD_ID" />
36-->[com.google.android.gms:play-services-measurement-api:21.5.0] AndroidManifest.xml:25:5-79
36-->[com.google.android.gms:play-services-measurement-api:21.5.0] AndroidManifest.xml:25:22-76
37    <uses-permission android:name="android.permission.ACCESS_ADSERVICES_ATTRIBUTION" />
37-->[com.google.android.gms:play-services-measurement-api:21.5.0] AndroidManifest.xml:26:5-88
37-->[com.google.android.gms:play-services-measurement-api:21.5.0] AndroidManifest.xml:26:22-85
38    <uses-permission android:name="android.permission.ACCESS_ADSERVICES_AD_ID" />
38-->[com.google.android.gms:play-services-measurement-api:21.5.0] AndroidManifest.xml:27:5-82
38-->[com.google.android.gms:play-services-measurement-api:21.5.0] AndroidManifest.xml:27:22-79
39    <uses-permission android:name="android.permission.POST_NOTIFICATIONS" />
39-->[:unityLibrary:mobilenotifications.androidlib] AndroidManifest.xml:9:5-77
39-->[:unityLibrary:mobilenotifications.androidlib] AndroidManifest.xml:9:22-74
40    <uses-permission android:name="android.permission.RECEIVE_BOOT_COMPLETED" />
40-->[:unityLibrary:mobilenotifications.androidlib] AndroidManifest.xml:10:5-81
40-->[:unityLibrary:mobilenotifications.androidlib] AndroidManifest.xml:10:22-78
41    <uses-permission android:name="android.permission.SCHEDULE_EXACT_ALARM" />
41-->[:unityLibrary:mobilenotifications.androidlib] AndroidManifest.xml:11:5-79
41-->[:unityLibrary:mobilenotifications.androidlib] AndroidManifest.xml:11:22-76
42    <uses-permission android:name="com.google.android.finsky.permission.BIND_GET_INSTALL_REFERRER_SERVICE" />
42-->[com.google.android.gms:play-services-measurement:21.5.0] AndroidManifest.xml:26:5-110
42-->[com.google.android.gms:play-services-measurement:21.5.0] AndroidManifest.xml:26:22-107
43
44    <permission
44-->[androidx.core:core:1.9.0] AndroidManifest.xml:22:5-24:47
45        android:name="com.DefaultCompany.com.unity.template.mobile2D.DYNAMIC_RECEIVER_NOT_EXPORTED_PERMISSION"
45-->[androidx.core:core:1.9.0] AndroidManifest.xml:23:9-81
46        android:protectionLevel="signature" />
46-->[androidx.core:core:1.9.0] AndroidManifest.xml:24:9-44
47
48    <uses-permission android:name="com.DefaultCompany.com.unity.template.mobile2D.DYNAMIC_RECEIVER_NOT_EXPORTED_PERMISSION" />
48-->[androidx.core:core:1.9.0] AndroidManifest.xml:26:5-97
48-->[androidx.core:core:1.9.0] AndroidManifest.xml:26:22-94
49
50    <application
50-->src/main/AndroidManifest.xml:3:3-83
51        android:appComponentFactory="androidx.core.app.CoreComponentFactory"
51-->[androidx.core:core:1.9.0] AndroidManifest.xml:28:18-86
52        android:extractNativeLibs="true"
52-->[:unityLibrary] AndroidManifest.xml:24:18-50
53        android:icon="@mipmap/app_icon"
53-->src/main/AndroidManifest.xml:3:49-80
54        android:label="@string/app_name" >
54-->src/main/AndroidManifest.xml:3:16-48
55        <meta-data
55-->[:unityLibrary] AndroidManifest.xml:25:9-27:33
56            android:name="unity.splash-mode"
56-->[:unityLibrary] AndroidManifest.xml:26:13-45
57            android:value="0" />
57-->[:unityLibrary] AndroidManifest.xml:27:13-30
58        <meta-data
58-->[:unityLibrary] AndroidManifest.xml:28:9-30:36
59            android:name="unity.splash-enable"
59-->[:unityLibrary] AndroidManifest.xml:29:13-47
60            android:value="True" />
60-->[:unityLibrary] AndroidManifest.xml:30:13-33
61        <meta-data
61-->[:unityLibrary] AndroidManifest.xml:31:9-33:36
62            android:name="unity.launch-fullscreen"
62-->[:unityLibrary] AndroidManifest.xml:32:13-51
63            android:value="True" />
63-->[:unityLibrary] AndroidManifest.xml:33:13-33
64        <meta-data
64-->[:unityLibrary] AndroidManifest.xml:34:9-36:50
65            android:name="notch.config"
65-->[:unityLibrary] AndroidManifest.xml:35:13-40
66            android:value="portrait|landscape" />
66-->[:unityLibrary] AndroidManifest.xml:36:13-47
67        <meta-data
67-->[:unityLibrary] AndroidManifest.xml:37:9-39:36
68            android:name="unity.auto-report-fully-drawn"
68-->[:unityLibrary] AndroidManifest.xml:38:13-57
69            android:value="true" />
69-->[:unityLibrary] AndroidManifest.xml:39:13-33
70
71        <activity
71-->[:unityLibrary] AndroidManifest.xml:41:9-62:20
72            android:name="com.unity3d.player.UnityPlayerActivity"
72-->[:unityLibrary] AndroidManifest.xml:42:13-66
73            android:configChanges="mcc|mnc|locale|touchscreen|keyboard|keyboardHidden|navigation|orientation|screenLayout|uiMode|screenSize|smallestScreenSize|fontScale|layoutDirection|density"
73-->[:unityLibrary] AndroidManifest.xml:43:13-194
74            android:exported="true"
74-->[:unityLibrary] AndroidManifest.xml:44:13-36
75            android:hardwareAccelerated="false"
75-->[:unityLibrary] AndroidManifest.xml:45:13-48
76            android:launchMode="singleTask"
76-->[:unityLibrary] AndroidManifest.xml:46:13-44
77            android:resizeableActivity="false"
77-->[:unityLibrary] AndroidManifest.xml:47:13-47
78            android:screenOrientation="portrait"
78-->[:unityLibrary] AndroidManifest.xml:48:13-49
79            android:theme="@style/UnityThemeSelector" >
79-->[:unityLibrary] AndroidManifest.xml:49:13-54
80            <intent-filter>
80-->[:unityLibrary] AndroidManifest.xml:50:13-54:29
81                <category android:name="android.intent.category.LAUNCHER" />
81-->[:unityLibrary] AndroidManifest.xml:51:17-77
81-->[:unityLibrary] AndroidManifest.xml:51:27-74
82
83                <action android:name="android.intent.action.MAIN" />
83-->[:unityLibrary] AndroidManifest.xml:53:17-69
83-->[:unityLibrary] AndroidManifest.xml:53:25-66
84            </intent-filter>
85
86            <meta-data
86-->[:unityLibrary] AndroidManifest.xml:56:13-58:40
87                android:name="unityplayer.UnityActivity"
87-->[:unityLibrary] AndroidManifest.xml:57:17-57
88                android:value="true" />
88-->[:unityLibrary] AndroidManifest.xml:58:17-37
89            <meta-data
89-->[:unityLibrary] AndroidManifest.xml:59:13-61:40
90                android:name="notch_support"
90-->[:unityLibrary] AndroidManifest.xml:60:17-45
91                android:value="true" />
91-->[:unityLibrary] AndroidManifest.xml:61:17-37
92        </activity>
93        <activity
93-->[com.google.android.gms:play-services-base:18.3.0] AndroidManifest.xml:20:9-22:45
94            android:name="com.google.android.gms.common.api.GoogleApiActivity"
94-->[com.google.android.gms:play-services-base:18.3.0] AndroidManifest.xml:20:19-85
95            android:exported="false"
95-->[com.google.android.gms:play-services-base:18.3.0] AndroidManifest.xml:22:19-43
96            android:theme="@android:style/Theme.Translucent.NoTitleBar" />
96-->[com.google.android.gms:play-services-base:18.3.0] AndroidManifest.xml:21:19-78
97
98        <property
98-->[com.google.android.gms:play-services-measurement-api:21.5.0] AndroidManifest.xml:30:9-32:61
99            android:name="android.adservices.AD_SERVICES_CONFIG"
99-->[com.google.android.gms:play-services-measurement-api:21.5.0] AndroidManifest.xml:31:13-65
100            android:resource="@xml/ga_ad_services_config" />
100-->[com.google.android.gms:play-services-measurement-api:21.5.0] AndroidManifest.xml:32:13-58
101
102        <service
102-->[com.google.android.gms:play-services-measurement-api:21.5.0] AndroidManifest.xml:34:9-40:19
103            android:name="com.google.firebase.components.ComponentDiscoveryService"
103-->[com.google.android.gms:play-services-measurement-api:21.5.0] AndroidManifest.xml:35:13-84
104            android:directBootAware="true"
104-->[com.google.firebase:firebase-common:20.4.2] AndroidManifest.xml:32:13-43
105            android:exported="false" >
105-->[com.google.android.gms:play-services-measurement-api:21.5.0] AndroidManifest.xml:36:13-37
106            <meta-data
106-->[com.google.android.gms:play-services-measurement-api:21.5.0] AndroidManifest.xml:37:13-39:85
107                android:name="com.google.firebase.components:com.google.firebase.analytics.connector.internal.AnalyticsConnectorRegistrar"
107-->[com.google.android.gms:play-services-measurement-api:21.5.0] AndroidManifest.xml:38:17-139
108                android:value="com.google.firebase.components.ComponentRegistrar" />
108-->[com.google.android.gms:play-services-measurement-api:21.5.0] AndroidManifest.xml:39:17-82
109            <meta-data
109-->[com.google.firebase:firebase-common-ktx:20.4.2] AndroidManifest.xml:12:13-14:85
110                android:name="com.google.firebase.components:com.google.firebase.ktx.FirebaseCommonLegacyRegistrar"
110-->[com.google.firebase:firebase-common-ktx:20.4.2] AndroidManifest.xml:13:17-116
111                android:value="com.google.firebase.components.ComponentRegistrar" />
111-->[com.google.firebase:firebase-common-ktx:20.4.2] AndroidManifest.xml:14:17-82
112            <meta-data
112-->[com.google.firebase:firebase-installations:17.0.1] AndroidManifest.xml:18:13-20:85
113                android:name="com.google.firebase.components:com.google.firebase.installations.FirebaseInstallationsRegistrar"
113-->[com.google.firebase:firebase-installations:17.0.1] AndroidManifest.xml:19:17-127
114                android:value="com.google.firebase.components.ComponentRegistrar" />
114-->[com.google.firebase:firebase-installations:17.0.1] AndroidManifest.xml:20:17-82
115            <meta-data
115-->[com.google.firebase:firebase-common:20.4.2] AndroidManifest.xml:35:13-37:85
116                android:name="com.google.firebase.components:com.google.firebase.FirebaseCommonKtxRegistrar"
116-->[com.google.firebase:firebase-common:20.4.2] AndroidManifest.xml:36:17-109
117                android:value="com.google.firebase.components.ComponentRegistrar" />
117-->[com.google.firebase:firebase-common:20.4.2] AndroidManifest.xml:37:17-82
118        </service>
119
120        <provider
120-->[com.google.firebase:firebase-common:20.4.2] AndroidManifest.xml:23:9-28:39
121            android:name="com.google.firebase.provider.FirebaseInitProvider"
121-->[com.google.firebase:firebase-common:20.4.2] AndroidManifest.xml:24:13-77
122            android:authorities="com.DefaultCompany.com.unity.template.mobile2D.firebaseinitprovider"
122-->[com.google.firebase:firebase-common:20.4.2] AndroidManifest.xml:25:13-72
123            android:directBootAware="true"
123-->[com.google.firebase:firebase-common:20.4.2] AndroidManifest.xml:26:13-43
124            android:exported="false"
124-->[com.google.firebase:firebase-common:20.4.2] AndroidManifest.xml:27:13-37
125            android:initOrder="100" />
125-->[com.google.firebase:firebase-common:20.4.2] AndroidManifest.xml:28:13-36
126
127        <receiver
127-->[:unityLibrary:mobilenotifications.androidlib] AndroidManifest.xml:14:9-16:40
128            android:name="com.unity.androidnotifications.UnityNotificationManager"
128-->[:unityLibrary:mobilenotifications.androidlib] AndroidManifest.xml:15:13-83
129            android:exported="false" />
129-->[:unityLibrary:mobilenotifications.androidlib] AndroidManifest.xml:16:13-37
130        <receiver
130-->[:unityLibrary:mobilenotifications.androidlib] AndroidManifest.xml:17:9-24:20
131            android:name="com.unity.androidnotifications.UnityNotificationRestartReceiver"
131-->[:unityLibrary:mobilenotifications.androidlib] AndroidManifest.xml:18:13-91
132            android:enabled="false"
132-->[:unityLibrary:mobilenotifications.androidlib] AndroidManifest.xml:19:13-36
133            android:exported="false" >
133-->[:unityLibrary:mobilenotifications.androidlib] AndroidManifest.xml:20:13-37
134            <intent-filter>
134-->[:unityLibrary:mobilenotifications.androidlib] AndroidManifest.xml:21:13-23:29
135                <action android:name="android.intent.action.BOOT_COMPLETED" />
135-->[:unityLibrary:mobilenotifications.androidlib] AndroidManifest.xml:22:17-79
135-->[:unityLibrary:mobilenotifications.androidlib] AndroidManifest.xml:22:25-76
136            </intent-filter>
137        </receiver>
138
139        <meta-data
139-->[:unityLibrary:mobilenotifications.androidlib] AndroidManifest.xml:26:9-28:36
140            android:name="reschedule_notifications_on_restart"
140-->[:unityLibrary:mobilenotifications.androidlib] AndroidManifest.xml:27:13-63
141            android:value="true" />
141-->[:unityLibrary:mobilenotifications.androidlib] AndroidManifest.xml:28:13-33
142        <meta-data
142-->[:unityLibrary:mobilenotifications.androidlib] AndroidManifest.xml:29:9-31:33
143            android:name="com.unity.androidnotifications.exact_scheduling"
143-->[:unityLibrary:mobilenotifications.androidlib] AndroidManifest.xml:30:13-75
144            android:value="0" />
144-->[:unityLibrary:mobilenotifications.androidlib] AndroidManifest.xml:31:13-30
145
146        <receiver
146-->[com.google.android.gms:play-services-measurement:21.5.0] AndroidManifest.xml:29:9-33:20
147            android:name="com.google.android.gms.measurement.AppMeasurementReceiver"
147-->[com.google.android.gms:play-services-measurement:21.5.0] AndroidManifest.xml:30:13-85
148            android:enabled="true"
148-->[com.google.android.gms:play-services-measurement:21.5.0] AndroidManifest.xml:31:13-35
149            android:exported="false" >
149-->[com.google.android.gms:play-services-measurement:21.5.0] AndroidManifest.xml:32:13-37
150        </receiver>
151
152        <service
152-->[com.google.android.gms:play-services-measurement:21.5.0] AndroidManifest.xml:35:9-38:40
153            android:name="com.google.android.gms.measurement.AppMeasurementService"
153-->[com.google.android.gms:play-services-measurement:21.5.0] AndroidManifest.xml:36:13-84
154            android:enabled="true"
154-->[com.google.android.gms:play-services-measurement:21.5.0] AndroidManifest.xml:37:13-35
155            android:exported="false" />
155-->[com.google.android.gms:play-services-measurement:21.5.0] AndroidManifest.xml:38:13-37
156        <service
156-->[com.google.android.gms:play-services-measurement:21.5.0] AndroidManifest.xml:39:9-43:72
157            android:name="com.google.android.gms.measurement.AppMeasurementJobService"
157-->[com.google.android.gms:play-services-measurement:21.5.0] AndroidManifest.xml:40:13-87
158            android:enabled="true"
158-->[com.google.android.gms:play-services-measurement:21.5.0] AndroidManifest.xml:41:13-35
159            android:exported="false"
159-->[com.google.android.gms:play-services-measurement:21.5.0] AndroidManifest.xml:42:13-37
160            android:permission="android.permission.BIND_JOB_SERVICE" />
160-->[com.google.android.gms:play-services-measurement:21.5.0] AndroidManifest.xml:43:13-69
161
162        <uses-library
162-->[androidx.privacysandbox.ads:ads-adservices:1.0.0-beta05] AndroidManifest.xml:23:9-25:40
163            android:name="android.ext.adservices"
163-->[androidx.privacysandbox.ads:ads-adservices:1.0.0-beta05] AndroidManifest.xml:24:13-50
164            android:required="false" />
164-->[androidx.privacysandbox.ads:ads-adservices:1.0.0-beta05] AndroidManifest.xml:25:13-37
165
166        <meta-data
166-->[com.google.android.gms:play-services-basement:18.3.0] AndroidManifest.xml:21:9-23:69
167            android:name="com.google.android.gms.version"
167-->[com.google.android.gms:play-services-basement:18.3.0] AndroidManifest.xml:22:13-58
168            android:value="@integer/google_play_services_version" />
168-->[com.google.android.gms:play-services-basement:18.3.0] AndroidManifest.xml:23:13-66
169    </application>
170
171</manifest>